
2월 26, 2018 14:45:33.56 NEW SESSION
2월 26, 2018 14:45:33.56 [10036:5560:0226/144533.555:ERROR:backend_impl.cc(1055)] Critical error found -8
2월 26, 2018 14:45:33.56 [10036:5560:0226/144533.556:ERROR:entry_impl.cc(1037)] No file for a001a2ff
2월 26, 2018 14:45:45.16 [4920:9724:0226/144545.160:ERROR:backend_impl.cc(1055)] Critical error found -8

3월 06, 2018 09:21:07.06 NEW SESSION
3월 06, 2018 09:21:07.06 
3월 06, 2018 09:21:07.06 KLIB_SelfTest return : KLR_OK
3월 06, 2018 13:22:23.33 [10620:6624:0306/132223.334:ERROR:page_load_metrics_update_dispatcher.cc(208)] Invalid first_meaningful_paint (unset) for time_to_interactive 8.482 s
3월 06, 2018 13:22:48.53 [10620:6624:0306/132248.531:ERROR:page_load_metrics_update_dispatcher.cc(208)] Invalid first_meaningful_paint (unset) for time_to_interactive 8.482 s
3월 06, 2018 13:34:16.51 [10620:6624:0306/133416.517:ERROR:page_load_metrics_update_dispatcher.cc(208)] Invalid first_meaningful_paint (unset) for time_to_interactive 1.194 s
3월 06, 2018 13:34:24.20 [10620:6624:0306/133424.207:ERROR:page_load_metrics_update_dispatcher.cc(208)] Invalid first_meaningful_paint (unset) for time_to_interactive 1.194 s
3월 06, 2018 13:34:36.72 [10620:6624:0306/133436.720:ERROR:page_load_metrics_update_dispatcher.cc(208)] Invalid first_meaningful_paint (unset) for time_to_interactive 2.755 s
3월 06, 2018 13:34:42.44 [10620:6624:0306/133442.444:ERROR:page_load_metrics_update_dispatcher.cc(208)] Invalid first_meaningful_paint (unset) for time_to_interactive 1.194 s
3월 06, 2018 13:34:53.41 [10620:6624:0306/133453.417:ERROR:page_load_metrics_update_dispatcher.cc(208)] Invalid first_meaningful_paint (unset) for time_to_interactive 1.194 s
3월 06, 2018 13:35:08.27 [10620:6624:0306/133508.270:ERROR:page_load_metrics_update_dispatcher.cc(208)] Invalid first_meaningful_paint (unset) for time_to_interactive 5.859 s
3월 06, 2018 13:35:08.97 [10620:6624:0306/133508.974:ERROR:page_load_metrics_update_dispatcher.cc(208)] Invalid first_meaningful_paint (unset) for time_to_interactive 1.979 s
3월 06, 2018 13:35:33.07 [10620:6624:0306/133533.077:ERROR:page_load_metrics_update_dispatcher.cc(208)] Invalid first_meaningful_paint (unset) for time_to_interactive 1.979 s
3월 06, 2018 13:35:34.14 [10620:6624:0306/133534.146:ERROR:page_load_metrics_update_dispatcher.cc(208)] Invalid first_meaningful_paint (unset) for time_to_interactive 1.979 s
3월 06, 2018 13:36:50.79 
3월 06, 2018 13:36:50.79 KLIB_SelfTest return : KLR_OK

3월 07, 2018 11:18:46.03 NEW SESSION
3월 07, 2018 11:18:46.03 [8464:11972:0307/111846.014:ERROR:page_load_metrics_update_dispatcher.cc(208)] Invalid first_meaningful_paint (unset) for time_to_interactive 0.886 s
3월 07, 2018 11:25:40.64 [8464:11972:0307/112540.640:ERROR:page_load_metrics_update_dispatcher.cc(208)] Invalid first_meaningful_paint (unset) for time_to_interactive 0.886 s
3월 07, 2018 16:22:28.26 [8464:11972:0307/162228.260:ERROR:page_load_metrics_update_dispatcher.cc(208)] Invalid first_meaningful_paint (unset) for time_to_interactive 2.153 s
3월 07, 2018 16:22:30.57 [8464:11972:0307/162230.570:ERROR:page_load_metrics_update_dispatcher.cc(208)] Invalid first_meaningful_paint (unset) for time_to_interactive 2.153 s

3월 08, 2018 11:03:40.60 NEW SESSION
3월 08, 2018 11:03:40.60 
3월 08, 2018 11:03:40.61 KLIB_SelfTest return : KLR_OK
3월 08, 2018 12:07:05.60 [11436:8200:0308/120705.608:ERROR:CONSOLE(8)] "Uncaught TypeError: Cannot read property '1' of null", source: https://www.google.co.kr/_/chrome/newtab?ie=UTF-8 (8)
3월 08, 2018 12:23:57.92 
3월 08, 2018 12:23:57.93 KLIB_SelfTest return : KLR_OK
3월 08, 2018 12:24:23.03 
3월 08, 2018 12:24:23.03 KLIB_SelfTest return : KLR_OK
3월 08, 2018 12:24:45.24 
3월 08, 2018 12:24:45.24 KLIB_SelfTest return : KLR_OK
3월 08, 2018 12:35:54.68 
3월 08, 2018 12:35:54.69 KLIB_SelfTest return : KLR_OK
3월 08, 2018 14:30:16.16 
3월 08, 2018 14:30:16.17 KLIB_SelfTest return : KLR_OK

3월 12, 2018 14:07:02.77 NEW SESSION
3월 12, 2018 14:07:02.77 [9288:2788:0312/140702.757:ERROR:backend_impl.cc(1055)] Critical error found -8
3월 12, 2018 14:43:08.90 [9288:2788:0312/144308.908:ERROR:backend_impl.cc(1055)] Critical error found -8

3월 12, 2018 16:49:29.47 NEW SESSION
3월 12, 2018 16:49:29.47 [1288:3700:0312/164929.333:ERROR:backend_impl.cc(1055)] Critical error found -8
3월 12, 2018 16:49:29.55 [1288:3700:0312/164929.333:ERROR:entry_impl.cc(962)] Failed to save user data
3월 12, 2018 16:49:30.49 [1288:3700:0312/164930.497:ERROR:backend_impl.cc(1055)] Critical error found -8
3월 12, 2018 16:49:30.74 [1288:3700:0312/164930.748:ERROR:entry_impl.cc(962)] Failed to save user data
3월 12, 2018 16:49:30.75 [1288:3700:0312/164930.748:ERROR:entry_impl.cc(962)] Failed to save user data
3월 12, 2018 16:49:31.40 [1288:3700:0312/164931.402:ERROR:backend_impl.cc(1055)] Critical error found -8
3월 12, 2018 16:49:31.40 [1288:3700:0312/164931.402:ERROR:entry_impl.cc(962)] Failed to save user data
3월 12, 2018 16:49:50.00 [1288:7512:0312/164950.009:ERROR:shader_disk_cache.cc(238)] Failed to create shader cache entry: -2
3월 12, 2018 16:50:00.37 [1288:7512:0312/165000.370:ERROR:shader_disk_cache.cc(238)] Failed to create shader cache entry: -2

3월 15, 2018 09:10:08.85 NEW SESSION
3월 15, 2018 09:10:08.85 
3월 15, 2018 09:10:08.87 KLIB_SelfTest return : KLR_OK

3월 16, 2018 09:48:39.46 NEW SESSION
3월 16, 2018 09:48:39.46 
3월 16, 2018 09:48:39.48 KLIB_SelfTest return : KLR_OK

3월 18, 2018 17:02:32.09 NEW SESSION
3월 18, 2018 17:02:32.09 [8996:6068:0318/170232.088:ERROR:page_load_metrics_update_dispatcher.cc(208)] Invalid first_meaningful_paint (unset) for time_to_interactive 6.942 s
3월 18, 2018 17:03:07.34 [8996:6068:0318/170307.342:ERROR:page_load_metrics_update_dispatcher.cc(208)] Invalid first_meaningful_paint (unset) for time_to_interactive 6.942 s
3월 18, 2018 17:18:13.81 [8996:6068:0318/171813.814:ERROR:page_load_metrics_update_dispatcher.cc(208)] Invalid first_meaningful_paint (unset) for time_to_interactive 6.942 s

3월 20, 2018 10:40:09.90 NEW SESSION
3월 20, 2018 10:40:09.90 [4180:4932:0320/104009.896:ERROR:upload_data_presenter.cc(73)] NOT IMPLEMENTED
3월 20, 2018 10:40:09.93 [4180:4932:0320/104009.929:ERROR:upload_data_presenter.cc(73)] NOT IMPLEMENTED
3월 20, 2018 10:40:10.16 [4180:4932:0320/104010.164:ERROR:upload_data_presenter.cc(73)] NOT IMPLEMENTED
3월 20, 2018 10:40:10.47 [4180:4932:0320/104010.475:ERROR:upload_data_presenter.cc(73)] NOT IMPLEMENTED
3월 20, 2018 14:30:10.59 [4180:4932:0320/143010.596:ERROR:upload_data_presenter.cc(73)] NOT IMPLEMENTED
3월 20, 2018 14:30:10.63 [4180:4932:0320/143010.637:ERROR:upload_data_presenter.cc(73)] NOT IMPLEMENTED
3월 20, 2018 14:30:10.87 [4180:4932:0320/143010.877:ERROR:upload_data_presenter.cc(73)] NOT IMPLEMENTED
3월 20, 2018 14:30:11.16 [4180:4932:0320/143011.161:ERROR:upload_data_presenter.cc(73)] NOT IMPLEMENTED
3월 20, 2018 15:28:34.16 [4180:7736:0320/152834.161:ERROR:media_internals.cc(102)] Cannot get RenderProcessHost
3월 20, 2018 15:28:34.63 
3월 20, 2018 15:28:34.64 KLIB_SelfTest return : KLR_OK
3월 20, 2018 15:34:02.81 
3월 20, 2018 15:34:02.82 KLIB_SelfTest return : KLR_OK
3월 20, 2018 15:42:56.69 [11668:1424:0320/154256.693:ERROR:upload_data_presenter.cc(73)] NOT IMPLEMENTED
3월 20, 2018 15:42:56.73 [11668:1424:0320/154256.733:ERROR:upload_data_presenter.cc(73)] NOT IMPLEMENTED
3월 20, 2018 15:42:58.78 [11668:1424:0320/154258.783:ERROR:upload_data_presenter.cc(73)] NOT IMPLEMENTED
3월 20, 2018 15:42:59.07 [11668:1424:0320/154259.072:ERROR:upload_data_presenter.cc(73)] NOT IMPLEMENTED
3월 20, 2018 16:16:15.11 [11668:1424:0320/161615.117:ERROR:upload_data_presenter.cc(73)] NOT IMPLEMENTED
3월 20, 2018 16:16:15.16 [11668:1424:0320/161615.161:ERROR:upload_data_presenter.cc(73)] NOT IMPLEMENTED
3월 20, 2018 16:16:15.48 [11668:1424:0320/161615.485:ERROR:upload_data_presenter.cc(73)] NOT IMPLEMENTED
3월 20, 2018 16:16:15.76 [11668:1424:0320/161615.767:ERROR:upload_data_presenter.cc(73)] NOT IMPLEMENTED
3월 20, 2018 17:40:20.90 
3월 20, 2018 17:40:20.91 KLIB_SelfTest return : KLR_OK

3월 21, 2018 09:07:48.51 NEW SESSION
3월 21, 2018 09:07:48.51 [1504:9356:0321/090748.477:ERROR:backend_impl.cc(1055)] Critical error found -8
3월 21, 2018 09:07:48.54 [1504:9356:0321/090748.477:ERROR:entry_impl.cc(962)] Failed to save user data
3월 21, 2018 09:07:54.27 [1504:9356:0321/090754.277:ERROR:backend_impl.cc(1055)] Critical error found -8
3월 21, 2018 09:07:54.28 [1504:9356:0321/090754.277:ERROR:entry_impl.cc(1037)] No file for a00100f3
3월 21, 2018 09:09:33.67 [1504:1396:0321/090933.672:ERROR:upload_data_presenter.cc(73)] NOT IMPLEMENTED
3월 21, 2018 09:09:33.72 [1504:1396:0321/090933.722:ERROR:upload_data_presenter.cc(73)] NOT IMPLEMENTED
3월 21, 2018 09:09:33.97 [1504:1396:0321/090933.972:ERROR:upload_data_presenter.cc(73)] NOT IMPLEMENTED
3월 21, 2018 09:09:34.35 [1504:1396:0321/090934.354:ERROR:upload_data_presenter.cc(73)] NOT IMPLEMENTED
3월 21, 2018 09:09:34.90 [1504:1396:0321/090934.904:ERROR:upload_data_presenter.cc(73)] NOT IMPLEMENTED
3월 21, 2018 09:44:43.72 
3월 21, 2018 09:44:43.73 KLIB_SelfTest return : KLR_OK
3월 21, 2018 09:48:15.02 [5432:10564:0321/094815.021:ERROR:upload_data_presenter.cc(73)] NOT IMPLEMENTED
3월 21, 2018 09:48:15.05 [5432:10564:0321/094815.057:ERROR:upload_data_presenter.cc(73)] NOT IMPLEMENTED
3월 21, 2018 09:48:15.56 [5432:10564:0321/094815.568:ERROR:upload_data_presenter.cc(73)] NOT IMPLEMENTED
3월 21, 2018 09:48:15.84 [5432:10564:0321/094815.846:ERROR:upload_data_presenter.cc(73)] NOT IMPLEMENTED
3월 21, 2018 10:00:14.02 [5432:10564:0321/100014.024:ERROR:shader_disk_cache.cc(238)] Failed to create shader cache entry: -2
3월 21, 2018 10:02:44.39 [5432:10564:0321/100244.397:ERROR:shader_disk_cache.cc(238)] Failed to create shader cache entry: -2
3월 21, 2018 10:22:44.09 [5432:10564:0321/102244.099:ERROR:upload_data_presenter.cc(73)] NOT IMPLEMENTED
3월 21, 2018 10:22:44.13 [5432:10564:0321/102244.137:ERROR:upload_data_presenter.cc(73)] NOT IMPLEMENTED
3월 21, 2018 10:22:44.50 [5432:10564:0321/102244.502:ERROR:upload_data_presenter.cc(73)] NOT IMPLEMENTED
3월 21, 2018 10:22:44.79 [5432:10564:0321/102244.794:ERROR:upload_data_presenter.cc(73)] NOT IMPLEMENTED

3월 21, 2018 11:27:43.98 NEW SESSION
3월 21, 2018 11:27:43.98 [2096:5412:0321/112743.967:ERROR:backend_impl.cc(1055)] Critical error found -8
3월 21, 2018 11:27:45.65 [2096:5412:0321/112745.654:ERROR:backend_impl.cc(1055)] Critical error found -8
3월 21, 2018 11:27:45.66 [2096:5412:0321/112745.654:ERROR:entry_impl.cc(962)] Failed to save user data
3월 21, 2018 15:29:23.17 
3월 21, 2018 15:29:23.17 KLIB_SelfTest return : KLR_OK
3월 21, 2018 15:29:25.29 [8720:5644:0321/152925.293:ERROR:in_progress_cache_impl.cc(93)] Could not read download entries from file because there was a read failure.
3월 21, 2018 15:29:43.34 
3월 21, 2018 15:29:43.34 KLIB_SelfTest return : KLR_OK
3월 21, 2018 15:31:28.47 [4400:11144:0321/153128.469:ERROR:in_progress_cache_impl.cc(93)] Could not read download entries from file because there was a read failure.
3월 21, 2018 15:32:14.16 
3월 21, 2018 15:32:14.17 KLIB_SelfTest return : KLR_OK
3월 21, 2018 15:32:49.07 [780:1804:0321/153249.074:ERROR:in_progress_cache_impl.cc(93)] Could not read download entries from file because there was a read failure.
3월 21, 2018 15:32:56.70 
3월 21, 2018 15:32:56.70 KLIB_SelfTest return : KLR_OK
3월 21, 2018 15:34:41.20 [11588:10152:0321/153441.200:ERROR:in_progress_cache_impl.cc(93)] Could not read download entries from file because there was a read failure.
3월 21, 2018 15:37:03.03 
3월 21, 2018 15:37:03.03 KLIB_SelfTest return : KLR_OK
3월 21, 2018 15:37:07.03 [1152:9320:0321/153707.030:ERROR:in_progress_cache_impl.cc(93)] Could not read download entries from file because there was a read failure.
3월 21, 2018 15:37:27.55 
3월 21, 2018 15:37:27.55 KLIB_SelfTest return : KLR_OK

3월 23, 2018 09:42:34.97 NEW SESSION
3월 23, 2018 09:42:34.97 [3892:3612:0323/094234.958:ERROR:upload_data_presenter.cc(73)] NOT IMPLEMENTED
3월 23, 2018 09:42:34.99 [3892:3612:0323/094234.993:ERROR:upload_data_presenter.cc(73)] NOT IMPLEMENTED
3월 23, 2018 09:42:35.35 [3892:3612:0323/094235.353:ERROR:upload_data_presenter.cc(73)] NOT IMPLEMENTED
3월 23, 2018 09:42:35.68 [3892:3612:0323/094235.689:ERROR:upload_data_presenter.cc(73)] NOT IMPLEMENTED
3월 23, 2018 13:57:02.81 [3892:3612:0323/135702.810:ERROR:upload_data_presenter.cc(73)] NOT IMPLEMENTED
3월 23, 2018 13:57:02.84 [3892:3612:0323/135702.845:ERROR:upload_data_presenter.cc(73)] NOT IMPLEMENTED
3월 23, 2018 13:57:03.03 [3892:3612:0323/135703.035:ERROR:upload_data_presenter.cc(73)] NOT IMPLEMENTED
3월 23, 2018 13:57:03.30 [3892:3612:0323/135703.301:ERROR:upload_data_presenter.cc(73)] NOT IMPLEMENTED
3월 23, 2018 14:03:30.89 [3892:3612:0323/140330.898:ERROR:upload_data_presenter.cc(73)] NOT IMPLEMENTED
3월 23, 2018 14:03:30.93 [3892:3612:0323/140330.933:ERROR:upload_data_presenter.cc(73)] NOT IMPLEMENTED
3월 23, 2018 14:03:31.15 [3892:3612:0323/140331.152:ERROR:upload_data_presenter.cc(73)] NOT IMPLEMENTED
3월 23, 2018 14:03:31.42 [3892:3612:0323/140331.423:ERROR:upload_data_presenter.cc(73)] NOT IMPLEMENTED
